[02Jun2025 00:02:50.389] [Server thread/INFO] [net.minecraft.server.MinecraftServer/]: Unknown item 'minecraft:phantom'
[02Jun2025 00:02:50.402] [Server thread/INFO] [net.minecraft.server.MinecraftServer/]: ...ve dodiwo phantom membrane 3<--[HERE]
[02Jun2025 00:03:20.988] [Server thread/INFO] [net.minecraft.server.MinecraftServer/]: Made DodiWo a server operator
[02Jun2025 00:03:38.071] [Server thread/INFO] [net.minecraft.server.MinecraftServer/]: [DodiWo: Gave 3 [Phantom Membrane] to DodiWo]
[02Jun2025 00:03:49.325] [Server thread/INFO] [net.minecraft.server.MinecraftServer/]: Unknown or incomplete command, see below for error
[02Jun2025 00:03:49.326] [Server thread/INFO] [net.minecraft.server.MinecraftServer/]: desop dodiwo<--[HERE]
[02Jun2025 00:03:56.636] [Server thread/INFO] [net.minecraft.server.MinecraftServer/]: Made DodiWo no longer a server operator
[02Jun2025 00:05:52.465] [Server thread/INFO] [net.minecraft.server.MinecraftServer/]: amaroxplay has made the advancement [I was here, i lived, i..]
[02Jun2025 00:05:52.465] [Server thread/INFO] [net.minecraft.server.MinecraftServer/]: amaroxplay has completed the challenge [The Magicians]
[02Jun2025 00:15:15.236] [Server thread/INFO] [net.minecraft.server.MinecraftServer/]: [Not Secure] <DodiWo> pen enme bnh39yb gvbh8efe
[02Jun2025 01:14:53.102] [Server thread/INFO] [net.minecraft.server.MinecraftServer/]: DodiWo has reached the goal [Postmortal]
[02Jun2025 01:15:18.137] [Worker-Main-184/ERROR] [net.minecraft.world.entity.decoration.HangingEntity/]: Hanging entity at invalid position: BlockPos{x=186, y=-6, z=458}
[02Jun2025 01:15:18.137] [Worker-Main-184/ERROR] [net.minecraft.world.entity.decoration.HangingEntity/]: Hanging entity at invalid position: BlockPos{x=182, y=-6, z=460}
[02Jun2025 01:15:18.137] [Worker-Main-184/ERROR] [net.minecraft.world.entity.decoration.HangingEntity/]: Hanging entity at invalid position: BlockPos{x=180, y=-6, z=458}
[02Jun2025 01:15:22.561] [Server thread/WARN] [net.minecraft.server.network.ServerGamePacketListenerImpl/]: amaroxplay moved wrongly!
[02Jun2025 01:15:22.612] [Server thread/WARN] [net.minecraft.server.network.ServerGamePacketListenerImpl/]: amaroxplay moved wrongly!
[02Jun2025 01:16:24.373] [Worker-Main-185/ERROR] [net.minecraft.world.entity.decoration.HangingEntity/]: Hanging entity at invalid position: BlockPos{x=-193, y=-45, z=-211}
[02Jun2025 01:16:24.374] [Worker-Main-185/ERROR] [net.minecraft.world.entity.decoration.HangingEntity/]: Hanging entity at invalid position: BlockPos{x=-183, y=-57, z=-210}
[02Jun2025 01:16:24.374] [Worker-Main-185/ERROR] [net.minecraft.world.entity.decoration.HangingEntity/]: Hanging entity at invalid position: BlockPos{x=-187, y=-49, z=-219}
[02Jun2025 01:16:24.374] [Worker-Main-185/ERROR] [net.minecraft.world.entity.decoration.HangingEntity/]: Hanging entity at invalid position: BlockPos{x=-189, y=-45, z=-211}
[02Jun2025 01:16:24.374] [Worker-Main-185/ERROR] [net.minecraft.world.entity.decoration.HangingEntity/]: Hanging entity at invalid position: BlockPos{x=-191, y=-45, z=-211}
[02Jun2025 01:16:24.993] [Worker-Main-185/ERROR] [net.minecraft.world.entity.decoration.HangingEntity/]: Hanging entity at invalid position: BlockPos{x=-183, y=-57, z=-201}
[02Jun2025 01:16:24.999] [Worker-Main-185/ERROR] [net.minecraft.world.entity.decoration.HangingEntity/]: Hanging entity at invalid position: BlockPos{x=-183, y=-58, z=-205}
[02Jun2025 01:16:27.905] [Worker-Main-186/ERROR] [net.minecraft.world.entity.decoration.HangingEntity/]: Hanging entity at invalid position: BlockPos{x=3, y=-53, z=18}
[02Jun2025 01:16:27.906] [Worker-Main-186/ERROR] [net.minecraft.world.entity.decoration.HangingEntity/]: Hanging entity at invalid position: BlockPos{x=3, y=-53, z=19}
[02Jun2025 01:16:27.950] [Worker-Main-200/ERROR] [net.minecraft.world.entity.decoration.HangingEntity/]: Hanging entity at invalid position: BlockPos{x=-1, y=-56, z=26}
[02Jun2025 01:16:27.950] [Worker-Main-200/ERROR] [net.minecraft.world.entity.decoration.HangingEntity/]: Hanging entity at invalid position: BlockPos{x=-2, y=-56, z=26}
[02Jun2025 01:16:27.951] [Worker-Main-200/ERROR] [net.minecraft.world.entity.decoration.HangingEntity/]: Hanging entity at invalid position: BlockPos{x=0, y=-56, z=26}
[02Jun2025 01:16:58.706] [Server thread/INFO] [net.minecraft.server.MinecraftServer/]: DodiWo has completed the challenge [Super Sonic]
[02Jun2025 01:17:18.187] [Worker-Main-188/ERROR] [net.minecraft.world.entity.decoration.HangingEntity/]: Hanging entity at invalid position: BlockPos{x=186, y=-6, z=458}
[02Jun2025 01:17:18.187] [Worker-Main-188/ERROR] [net.minecraft.world.entity.decoration.HangingEntity/]: Hanging entity at invalid position: BlockPos{x=182, y=-6, z=460}
[02Jun2025 01:17:18.187] [Worker-Main-188/ERROR] [net.minecraft.world.entity.decoration.HangingEntity/]: Hanging entity at invalid position: BlockPos{x=180, y=-6, z=458}
[02Jun2025 01:17:23.792] [Worker-Main-193/ERROR] [net.minecraft.world.entity.decoration.HangingEntity/]: Hanging entity at invalid position: BlockPos{x=-222, y=-51, z=-77}
[02Jun2025 01:17:23.792] [Worker-Main-193/ERROR] [net.minecraft.world.entity.decoration.HangingEntity/]: Hanging entity at invalid position: BlockPos{x=-222, y=-51, z=-80}
[02Jun2025 01:18:33.348] [Server thread/WARN] [net.minecraft.server.network.ServerGamePacketListenerImpl/]: amaroxplay moved wrongly!
[02Jun2025 01:19:06.315] [Server thread/INFO] [net.minecraft.server.MinecraftServer/]: [Not Secure] <DodiWo> xaero-waypoint:coso:C:3575:114:-2308:10:false:0:Internal-overworld-waypoints
